{"name":"User_01_Register","status":"broken","statusDetails":{"known":false,"muted":false,"flaky":false,"message":"Expected condition failed: waiting for element to be clickable: By.className: ico-register (tried for 30 second(s) with 500 milliseconds interval)","trace":"org.openqa.selenium.TimeoutException: Expected condition failed: waiting for element to be clickable: By.className: ico-register (tried for 30 second(s) with 500 milliseconds interval)\n\tat org.openqa.selenium.support.ui.WebDriverWait.timeoutException(WebDriverWait.java:95)\n\tat org.openqa.selenium.support.ui.FluentWait.until(FluentWait.java:272)\n\tat commons.BasePage.waitForElementClickable(BasePage.java:372)\n\tat pageObjects.nopCommerce.user.UserHomePageObject.openRegisterPage(UserHomePageObject.java:18)\n\tat com.nopcommerce.user.Level_21_Faker.User_01_Register(Level_21_Faker.java:41)\n\tat java.base/jdk.internal.reflect.NativeMethodAccessorImpl.invoke0(Native Method)\n\tat java.base/jdk.internal.reflect.NativeMethodAccessorImpl.invoke(NativeMethodAccessorImpl.java:77)\n\tat java.base/jdk.internal.reflect.DelegatingMethodAccessorImpl.invoke(DelegatingMethodAccessorImpl.java:43)\n\tat java.base/java.lang.reflect.Method.invoke(Method.java:568)\n\tat org.testng.internal.MethodInvocationHelper.invokeMethod(MethodInvocationHelper.java:124)\n\tat org.testng.internal.Invoker.invokeMethod(Invoker.java:583)\n\tat org.testng.internal.Invoker.invokeTestMethod(Invoker.java:719)\n\tat org.testng.internal.Invoker.invokeTestMethods(Invoker.java:989)\n\tat org.testng.internal.TestMethodWorker.invokeTestMethods(TestMethodWorker.java:125)\n\tat org.testng.internal.TestMethodWorker.run(TestMethodWorker.java:109)\n\tat org.testng.TestRunner.privateRun(TestRunner.java:648)\n\tat org.testng.TestRunner.run(TestRunner.java:505)\n\tat org.testng.SuiteRunner.runTest(SuiteRunner.java:455)\n\tat org.testng.SuiteRunner.runSequentially(SuiteRunner.java:450)\n\tat org.testng.SuiteRunner.privateRun(SuiteRunner.java:415)\n\tat org.testng.SuiteRunner.run(SuiteRunner.java:364)\n\tat org.testng.SuiteRunnerWorker.runSuite(SuiteRunnerWorker.java:52)\n\tat org.testng.SuiteRunnerWorker.run(SuiteRunnerWorker.java:84)\n\tat org.testng.TestNG.runSuitesSequentially(TestNG.java:1208)\n\tat org.testng.TestNG.runSuitesLocally(TestNG.java:1137)\n\tat org.testng.TestNG.runSuites(TestNG.java:1049)\n\tat org.testng.TestNG.run(TestNG.java:1017)\n\tat org.testng.remote.AbstractRemoteTestNG.run(AbstractRemoteTestNG.java:115)\n\tat org.testng.remote.RemoteTestNG.initAndRun(RemoteTestNG.java:251)\n\tat org.testng.remote.RemoteTestNG.main(RemoteTestNG.java:77)\nCaused by: org.openqa.selenium.NoSuchElementException: no such element: Unable to locate element: {\"method\":\"css selector\",\"selector\":\".ico\\-register\"}\n  (Session info: headless chrome=113.0.5672.92)\nFor documentation on this error, please visit: https://www.seleniumhq.org/exceptions/no_such_element.html\nBuild info: version: '3.141.59', revision: 'e82be7d358', time: '2018-11-14T08:25:53'\nSystem info: host: 'apples-iMac.local', ip: '127.0.0.1', os.name: 'Mac OS X', os.arch: 'x86_64', os.version: '13.2.1', java.version: '17.0.4.1'\nDriver info: org.openqa.selenium.chrome.ChromeDriver\nCapabilities {acceptInsecureCerts: false, browserName: chrome, browserVersion: 113.0.5672.92, chrome: {chromedriverVersion: 113.0.5672.63 (0e1a4471d5ae..., userDataDir: /var/folders/gv/m9ry0v6d1cx...}, goog:chromeOptions: {debuggerAddress: localhost:53223}, javascriptEnabled: true, networkConnectionEnabled: false, pageLoadStrategy: normal, platform: MAC, platformName: MAC, proxy: Proxy(), setWindowRect: true, strictFileInteractability: false, timeouts: {implicit: 0, pageLoad: 300000, script: 30000}, unhandledPromptBehavior: dismiss and notify, webauthn:extension:credBlob: true, webauthn:extension:largeBlob: true, webauthn:extension:minPinLength: true, webauthn:extension:prf: true, webauthn:virtualAuthenticators: true}\nSession ID: f95aebc13edba8045964c47bb36f2319\n*** Element info: {Using=class name, value=ico-register}\n\tat java.base/jdk.internal.reflect.NativeConstructorAccessorImpl.newInstance0(Native Method)\n\tat java.base/jdk.internal.reflect.NativeConstructorAccessorImpl.newInstance(NativeConstructorAccessorImpl.java:77)\n\tat java.base/jdk.internal.reflect.DelegatingConstructorAccessorImpl.newInstance(DelegatingConstructorAccessorImpl.java:45)\n\tat java.base/java.lang.reflect.Constructor.newInstanceWithCaller(Constructor.java:499)\n\tat java.base/java.lang.reflect.Constructor.newInstance(Constructor.java:480)\n\tat org.openqa.selenium.remote.http.W3CHttpResponseCodec.createException(W3CHttpResponseCodec.java:187)\n\tat org.openqa.selenium.remote.http.W3CHttpResponseCodec.decode(W3CHttpResponseCodec.java:122)\n\tat org.openqa.selenium.remote.http.W3CHttpResponseCodec.decode(W3CHttpResponseCodec.java:49)\n\tat org.openqa.selenium.remote.HttpCommandExecutor.execute(HttpCommandExecutor.java:158)\n\tat org.openqa.selenium.remote.service.DriverCommandExecutor.execute(DriverCommandExecutor.java:83)\n\tat org.openqa.selenium.remote.RemoteWebDriver.execute(RemoteWebDriver.java:552)\n\tat org.openqa.selenium.remote.RemoteWebDriver.findElement(RemoteWebDriver.java:323)\n\tat org.openqa.selenium.remote.RemoteWebDriver.findElementByClassName(RemoteWebDriver.java:412)\n\tat org.openqa.selenium.By$ByClassName.findElement(By.java:389)\n\tat org.openqa.selenium.remote.RemoteWebDriver.findElement(RemoteWebDriver.java:315)\n\tat org.openqa.selenium.support.ui.ExpectedConditions$7.apply(ExpectedConditions.java:205)\n\tat org.openqa.selenium.support.ui.ExpectedConditions$7.apply(ExpectedConditions.java:201)\n\tat org.openqa.selenium.support.ui.ExpectedConditions$22.apply(ExpectedConditions.java:641)\n\tat org.openqa.selenium.support.ui.ExpectedConditions$22.apply(ExpectedConditions.java:638)\n\tat org.openqa.selenium.support.ui.FluentWait.until(FluentWait.java:249)\n\t... 28 more\n"},"stage":"finished","steps":[],"attachments":[],"parameters":[{"name":"browser","value":"h_chrome"}],"start":1686740125021,"stop":1686740155071,"uuid":"c5b77bdf-e219-403d-b544-9c2c9f726b7f","historyId":"fb787f8a29e41ab1710a9ead7d908c18","fullName":"com.nopcommerce.user.Level_21_Faker.User_01_Register","labels":[{"name":"package","value":"com.nopcommerce.user.Level_21_Faker"},{"name":"testClass","value":"com.nopcommerce.user.Level_21_Faker"},{"name":"testMethod","value":"User_01_Register"},{"name":"parentSuite","value":"NopCommerce"},{"name":"suite","value":"Run on Chrome"},{"name":"subSuite","value":"com.nopcommerce.user.Level_21_Faker"},{"name":"host","value":"apples-iMac.local"},{"name":"thread","value":"9814@apples-iMac.local.main(1)"},{"name":"framework","value":"testng"},{"name":"language","value":"java"}],"links":[]}